  MAjor assignment.cpp
C:\Users\Hisam\source\repos\MAjor assignment\MAjor assignment\MAjor assignment.cpp(13,29): warning C4305: 'initializing': truncation from 'double' to 'GLfloat'
C:\Users\Hisam\source\repos\MAjor assignment\MAjor assignment\MAjor assignment.cpp(20,1): warning C4305: '=': truncation from 'double' to 'GLfloat'
C:\Users\Hisam\source\repos\MAjor assignment\MAjor assignment\MAjor assignment.cpp(21,1): warning C4305: '=': truncation from 'double' to 'GLfloat'
C:\Users\Hisam\source\repos\MAjor assignment\MAjor assignment\MAjor assignment.cpp(22,1): warning C4305: '=': truncation from 'double' to 'GLfloat'
C:\Users\Hisam\source\repos\MAjor assignment\MAjor assignment\MAjor assignment.cpp(113,1): warning C4305: 'argument': truncation from 'double' to 'GLfloat'
C:\Users\Hisam\source\repos\MAjor assignment\MAjor assignment\MAjor assignment.cpp(121,1): warning C4305: 'argument': truncation from 'double' to 'GLfloat'
C:\Users\Hisam\source\repos\MAjor assignment\MAjor assignment\MAjor assignment.cpp(138,1): warning C4305: '=': truncation from 'double' to 'GLfloat'
C:\Users\Hisam\source\repos\MAjor assignment\MAjor assignment\MAjor assignment.cpp(139,1): warning C4305: '=': truncation from 'double' to 'GLfloat'
C:\Users\Hisam\source\repos\MAjor assignment\MAjor assignment\MAjor assignment.cpp(140,1): warning C4305: '=': truncation from 'double' to 'GLfloat'
C:\Users\Hisam\source\repos\MAjor assignment\MAjor assignment\MAjor assignment.cpp(161,1): warning C4305: 'argument': truncation from 'double' to 'GLfloat'
C:\Users\Hisam\source\repos\MAjor assignment\MAjor assignment\MAjor assignment.cpp(175,1): warning C4305: 'argument': truncation from 'double' to 'GLfloat'
C:\Users\Hisam\source\repos\MAjor assignment\MAjor assignment\MAjor assignment.cpp(232,1): warning C4305: '=': truncation from 'double' to 'GLfloat'
C:\Users\Hisam\source\repos\MAjor assignment\MAjor assignment\MAjor assignment.cpp(233,1): warning C4305: '=': truncation from 'double' to 'GLfloat'
C:\Users\Hisam\source\repos\MAjor assignment\MAjor assignment\MAjor assignment.cpp(234,1): warning C4305: '=': truncation from 'double' to 'GLfloat'
C:\Users\Hisam\source\repos\MAjor assignment\MAjor assignment\MAjor assignment.cpp(256,1): warning C4305: 'argument': truncation from 'double' to 'GLfloat'
C:\Users\Hisam\source\repos\MAjor assignment\MAjor assignment\MAjor assignment.cpp(263,1): warning C4305: 'argument': truncation from 'double' to 'GLfloat'
C:\Users\Hisam\source\repos\MAjor assignment\MAjor assignment\MAjor assignment.cpp(276,1): warning C4305: 'argument': truncation from 'double' to 'GLfloat'
C:\Users\Hisam\source\repos\MAjor assignment\MAjor assignment\MAjor assignment.cpp(283,1): warning C4305: 'argument': truncation from 'double' to 'GLfloat'
C:\Users\Hisam\source\repos\MAjor assignment\MAjor assignment\MAjor assignment.cpp(296,1): warning C4305: 'argument': truncation from 'double' to 'GLfloat'
C:\Users\Hisam\source\repos\MAjor assignment\MAjor assignment\MAjor assignment.cpp(303,1): warning C4305: 'argument': truncation from 'double' to 'GLfloat'
C:\Users\Hisam\source\repos\MAjor assignment\MAjor assignment\MAjor assignment.cpp(320,1): warning C4305: '=': truncation from 'double' to 'GLfloat'
C:\Users\Hisam\source\repos\MAjor assignment\MAjor assignment\MAjor assignment.cpp(321,1): warning C4305: '=': truncation from 'double' to 'GLfloat'
C:\Users\Hisam\source\repos\MAjor assignment\MAjor assignment\MAjor assignment.cpp(322,1): warning C4305: '=': truncation from 'double' to 'GLfloat'
C:\Users\Hisam\source\repos\MAjor assignment\MAjor assignment\MAjor assignment.cpp(341,1): warning C4305: 'argument': truncation from 'double' to 'GLfloat'
C:\Users\Hisam\source\repos\MAjor assignment\MAjor assignment\MAjor assignment.cpp(352,1): warning C4305: 'argument': truncation from 'double' to 'GLfloat'
C:\Users\Hisam\source\repos\MAjor assignment\MAjor assignment\MAjor assignment.cpp(360,1): warning C4305: 'argument': truncation from 'double' to 'GLfloat'
C:\Users\Hisam\source\repos\MAjor assignment\MAjor assignment\MAjor assignment.cpp(379,1): warning C4305: 'argument': truncation from 'double' to 'GLfloat'
C:\Users\Hisam\source\repos\MAjor assignment\MAjor assignment\MAjor assignment.cpp(387,1): warning C4305: 'argument': truncation from 'double' to 'GLfloat'
C:\Users\Hisam\source\repos\MAjor assignment\MAjor assignment\MAjor assignment.cpp(395,1): warning C4305: 'argument': truncation from 'double' to 'GLfloat'
C:\Users\Hisam\source\repos\MAjor assignment\MAjor assignment\MAjor assignment.cpp(405,1): warning C4305: 'argument': truncation from 'double' to 'GLfloat'
C:\Users\Hisam\source\repos\MAjor assignment\MAjor assignment\MAjor assignment.cpp(413,1): warning C4305: 'argument': truncation from 'double' to 'GLfloat'
C:\Users\Hisam\source\repos\MAjor assignment\MAjor assignment\MAjor assignment.cpp(428,1): warning C4305: '=': truncation from 'double' to 'GLfloat'
C:\Users\Hisam\source\repos\MAjor assignment\MAjor assignment\MAjor assignment.cpp(429,1): warning C4305: '=': truncation from 'double' to 'GLfloat'
C:\Users\Hisam\source\repos\MAjor assignment\MAjor assignment\MAjor assignment.cpp(430,1): warning C4305: '=': truncation from 'double' to 'GLfloat'
C:\Users\Hisam\source\repos\MAjor assignment\MAjor assignment\MAjor assignment.cpp(600,36): warning C4305: 'argument': truncation from 'double' to 'GLclampf'
C:\Users\Hisam\source\repos\MAjor assignment\MAjor assignment\MAjor assignment.cpp(614,46): warning C4244: 'argument': conversion from 'GLdouble' to 'GLfloat', possible loss of data
C:\Users\Hisam\source\repos\MAjor assignment\MAjor assignment\MAjor assignment.cpp(614,28): warning C4244: 'argument': conversion from 'GLdouble' to 'GLfloat', possible loss of data
C:\Users\Hisam\source\repos\MAjor assignment\MAjor assignment\MAjor assignment.cpp(641,35): warning C4305: 'argument': truncation from 'double' to 'GLfloat'
C:\Users\Hisam\source\repos\MAjor assignment\MAjor assignment\MAjor assignment.cpp(661,32): warning C4305: 'argument': truncation from 'double' to 'GLfloat'
C:\Users\Hisam\source\repos\MAjor assignment\MAjor assignment\MAjor assignment.cpp(665,32): warning C4305: 'argument': truncation from 'double' to 'GLfloat'
C:\Users\Hisam\source\repos\MAjor assignment\MAjor assignment\MAjor assignment.cpp(669,36): warning C4305: 'argument': truncation from 'double' to 'GLfloat'
C:\Users\Hisam\source\repos\MAjor assignment\MAjor assignment\MAjor assignment.cpp(728,35): warning C4305: 'argument': truncation from 'double' to 'GLfloat'
C:\Users\Hisam\source\repos\MAjor assignment\MAjor assignment\MAjor assignment.cpp(733,35): warning C4305: 'argument': truncation from 'double' to 'GLfloat'
C:\Users\Hisam\source\repos\MAjor assignment\MAjor assignment\MAjor assignment.cpp(743,32): warning C4305: 'argument': truncation from 'double' to 'GLfloat'
C:\Users\Hisam\source\repos\MAjor assignment\MAjor assignment\MAjor assignment.cpp(748,35): warning C4305: 'argument': truncation from 'double' to 'GLfloat'
C:\Users\Hisam\source\repos\MAjor assignment\MAjor assignment\MAjor assignment.cpp(753,35): warning C4305: 'argument': truncation from 'double' to 'GLfloat'
C:\Users\Hisam\source\repos\MAjor assignment\MAjor assignment\MAjor assignment.cpp(766,13): warning C4244: '=': conversion from 'double' to 'GLfloat', possible loss of data
C:\Users\Hisam\source\repos\MAjor assignment\MAjor assignment\MAjor assignment.cpp(767,13): warning C4244: '=': conversion from 'double' to 'GLfloat', possible loss of data
C:\Users\Hisam\source\repos\MAjor assignment\MAjor assignment\MAjor assignment.cpp(768,13): warning C4244: '=': conversion from 'double' to 'GLfloat', possible loss of data
C:\Users\Hisam\source\repos\MAjor assignment\MAjor assignment\MAjor assignment.cpp(769,13): warning C4244: '=': conversion from 'double' to 'GLfloat', possible loss of data
  MAjor assignment.vcxproj -> C:\Users\Hisam\source\repos\MAjor assignment\Debug\MAjor assignment.exe
